<?xml version="1.0" encoding="UTF-8"?>
<!-- Generated by org.testng.reporters.JUnitReportReporter -->
<testsuite hostname="DESKTOP-IEPVL3O" failures="0" tests="1" name="stepdefinition.LoginRunner" time="98.108" errors="0" timestamp="2024-01-12T13:25:44 IST" skipped="0">
  <testcase classname="stepdefinition.LoginRunner" name="runScenario" time="98.108"/>
  <system-out/>
</testsuite> <!-- stepdefinition.LoginRunner -->
