<?xml version="1.0" encoding="UTF-8"?>
<!-- Generated by org.testng.reporters.JUnitReportReporter -->
<testsuite hostname="DESKTOP-SK6KN3T" failures="0" tests="1" name="tutorialpkg.TutorialRunner" time="42.396" errors="0" timestamp="2024-01-16T13:01:29 IST" skipped="0">
  <testcase classname="tutorialpkg.TutorialRunner" name="runScenario" time="42.396"/>
  <system-out/>
</testsuite> <!-- tutorialpkg.TutorialRunner -->
