<?xml version="1.0" encoding="UTF-8"?>
<!-- Generated by org.testng.reporters.JUnitReportReporter -->
<testsuite hostname="DESKTOP-IEPVL3O" failures="0" tests="1" name="tutorialpkg.TutorialRunner" time="56.192" errors="0" timestamp="2024-01-16T16:32:54 IST" skipped="0">
  <testcase classname="tutorialpkg.TutorialRunner" name="runScenario" time="56.192"/>
  <system-out/>
</testsuite> <!-- tutorialpkg.TutorialRunner -->
