<?xml version="1.0" encoding="UTF-8"?>
<!-- Generated by org.testng.reporters.JUnitReportReporter -->
<testsuite hostname="DESKTOP-SK6KN3T" failures="0" tests="1" name="stepdefinition.LoginRunner" time="30.716" errors="0" timestamp="2024-01-27T22:22:39 IST" skipped="0">
  <testcase classname="stepdefinition.LoginRunner" name="runScenario" time="30.716"/>
  <system-out/>
</testsuite> <!-- stepdefinition.LoginRunner -->
