<?xml version="1.0" encoding="UTF-8"?>
<!-- Generated by org.testng.reporters.JUnitReportReporter -->
<<<<<<< HEAD
<testsuite hostname="DESKTOP-IEPVL3O" failures="0" tests="1" name="stepdefinition.LoginRunner" time="79.615" errors="0" timestamp="2024-01-15T22:24:21 IST" skipped="0">
  <testcase classname="stepdefinition.LoginRunner" name="runScenario" time="79.615"/>
=======
<testsuite hostname="DESKTOP-SK6KN3T" failures="0" tests="1" name="stepdefinition.LoginRunner" time="43.370" errors="0" timestamp="2024-01-16T11:22:04 IST" skipped="0">
  <testcase classname="stepdefinition.LoginRunner" name="runScenario" time="43.370"/>
>>>>>>> ddd394316ccea786bb341d9945d9d1ad03321af6
  <system-out/>
</testsuite> <!-- stepdefinition.LoginRunner -->
