<?xml version="1.0" encoding="UTF-8"?>
<!-- Generated by org.testng.reporters.JUnitReportReporter -->
<testsuite hostname="hp" failures="0" tests="1" name="stepdefinition.LoginRunner" time="44.140" errors="0" timestamp="2024-01-26T17:12:45 IST" skipped="0">
  <testcase classname="stepdefinition.LoginRunner" name="runScenario" time="44.140"/>
  <system-out/>
</testsuite> <!-- stepdefinition.LoginRunner -->
