<?xml version="1.0" encoding="UTF-8"?>
<!-- Generated by org.testng.reporters.JUnitReportReporter -->
<<<<<<< HEAD
<testsuite hostname="DESKTOP-IEPVL3O" failures="0" tests="1" name="tutorialpkg.TutorialRunner" time="56.192" errors="0" timestamp="2024-01-16T16:32:54 IST" skipped="0">
  <testcase classname="tutorialpkg.TutorialRunner" name="runScenario" time="56.192"/>
=======
<testsuite hostname="hp" failures="0" tests="1" name="tutorialpkg.TutorialRunner" time="41.568" errors="0" timestamp="2024-01-16T16:30:03 IST" skipped="0">
  <testcase classname="tutorialpkg.TutorialRunner" name="runScenario" time="41.568"/>
>>>>>>> c3b33f3ff0e3868d992a4c3794d932270663c6ea
  <system-out/>
</testsuite> <!-- tutorialpkg.TutorialRunner -->
