<?xml version="1.0" encoding="UTF-8"?>
<!-- Generated by org.testng.reporters.JUnitReportReporter -->
<testsuite hostname="hp" failures="0" tests="1" name="tutorialpkg.TutorialRunner" time="35.994" errors="0" timestamp="2024-01-16T17:29:37 IST" skipped="0">
  <testcase classname="tutorialpkg.TutorialRunner" name="runScenario" time="35.994"/>
  <system-out/>
</testsuite> <!-- tutorialpkg.TutorialRunner -->
