<?xml version="1.0" encoding="UTF-8"?>
<!-- Generated by org.testng.reporters.JUnitReportReporter -->
<testsuite hostname="hp" failures="0" tests="1" name="tutorialpkg.TutorialRunner" time="41.568" errors="0" timestamp="2024-01-16T16:30:03 IST" skipped="0">
  <testcase classname="tutorialpkg.TutorialRunner" name="runScenario" time="41.568"/>
  <system-out/>
</testsuite> <!-- tutorialpkg.TutorialRunner -->
