<?xml version="1.0" encoding="UTF-8"?>
<!-- Generated by org.testng.reporters.JUnitReportReporter -->
<testsuite hostname="DESKTOP-IEPVL3O" failures="0" tests="1" name="stepdefinition.LoginRunner" time="79.615" errors="0" timestamp="2024-01-15T22:24:21 IST" skipped="0">
  <testcase classname="stepdefinition.LoginRunner" name="runScenario" time="79.615"/>
  <system-out/>
</testsuite> <!-- stepdefinition.LoginRunner -->
