<?xml version="1.0" encoding="UTF-8"?>
<!-- Generated by org.testng.reporters.JUnitReportReporter -->
<testsuite hostname="DESKTOP-SK6KN3T" failures="0" tests="1" name="stepdefinition.LoginRunner" time="43.370" errors="0" timestamp="2024-01-16T11:22:04 IST" skipped="0">
  <testcase classname="stepdefinition.LoginRunner" name="runScenario" time="43.370"/>
  <system-out/>
</testsuite> <!-- stepdefinition.LoginRunner -->
